<?xml version="1.0" encoding="UTF-8"?>
<testsuite xmlns:xsi="http://www.w3.org/2001/XMLSchema-instance" xsi:noNamespaceSchemaLocation="https://maven.apache.org/surefire/maven-surefire-plugin/xsd/surefire-test-report-3.0.xsd" version="3.0" name="fortytwo.spring.service.config.TestApplicationConfig" time="1.503" tests="3" errors="2" skipped="0" failures="0">
  <properties>
[...]
</properties>
  <testcase name="testGetHikariDataSource" classname="fortytwo.spring.service.config.TestApplicationConfig" time="0.784">
    <system-err><![CDATA[SLF4J: Failed to load class "org.slf4j.impl.StaticLoggerBinder".
SLF4J: Defaulting to no-operation (NOP) logger implementation
SLF4J: See http://www.slf4j.org/codes.html#StaticLoggerBinder for further details.
]]></system-err>
  </testcase>
  <testcase name="testGetJdbcTemplate" classname="fortytwo.spring.service.config.TestApplicationConfig" time="0.014">
    <error message="StatementCallback; bad SQL grammar [CREATE TABLE users (id BIGINT GENERATED BY DEFAULT AS IDENTITY PRIMARY KEY,email VARCHAR(255))]" type="org.springframework.jdbc.BadSqlGrammarException"><![CDATA[org.springframework.jdbc.BadSqlGrammarException: StatementCallback; bad SQL grammar [CREATE TABLE users (id BIGINT GENERATED BY DEFAULT AS IDENTITY PRIMARY KEY,email VARCHAR(255))]
	at org.springframework.jdbc.support.SQLExceptionSubclassTranslator.doTranslate(SQLExceptionSubclassTranslator.java:103)
	at org.springframework.jdbc.support.AbstractFallbackSQLExceptionTranslator.translate(AbstractFallbackSQLExceptionTranslator.java:107)
	at org.springframework.jdbc.core.JdbcTemplate.translateException(JdbcTemplate.java:1548)
	at org.springframework.jdbc.core.JdbcTemplate.execute(JdbcTemplate.java:408)
	at org.springframework.jdbc.core.JdbcTemplate.execute(JdbcTemplate.java:444)
	at fortytwo.spring.service.config.TestApplicationConfig.init(TestApplicationConfig.java:45)
	at java.base/java.lang.reflect.Method.invoke(Method.java:578)
	at java.base/java.util.ArrayList.forEach(ArrayList.java:1511)
	at java.base/java.util.ArrayList.forEach(ArrayList.java:1511)
Caused by: java.sql.SQLSyntaxErrorException: object name already exists: USERS in statement [CREATE TABLE users (id BIGINT GENERATED BY DEFAULT AS IDENTITY PRIMARY KEY,email VARCHAR(255))]
	at org.hsqldb.jdbc.JDBCUtil.sqlException(Unknown Source)
	at org.hsqldb.jdbc.JDBCUtil.sqlException(Unknown Source)
	at org.hsqldb.jdbc.JDBCStatement.fetchResult(Unknown Source)
	at org.hsqldb.jdbc.JDBCStatement.execute(Unknown Source)
	at org.springframework.jdbc.core.JdbcTemplate$1ExecuteStatementCallback.doInStatement(JdbcTemplate.java:435)
	at org.springframework.jdbc.core.JdbcTemplate.execute(JdbcTemplate.java:393)
	... 5 more
Caused by: org.hsqldb.HsqlException: object name already exists: USERS
	at org.hsqldb.error.Error.error(Unknown Source)
	at org.hsqldb.error.Error.error(Unknown Source)
	at org.hsqldb.SchemaObjectSet.checkAdd(Unknown Source)
	at org.hsqldb.SchemaManager.checkSchemaObjectNotExists(Unknown Source)
	at org.hsqldb.StatementSchema.setOrCheckObjectName(Unknown Source)
	at org.hsqldb.StatementSchema.getResult(Unknown Source)
	at org.hsqldb.StatementSchema.execute(Unknown Source)
	at org.hsqldb.Session.executeCompiledStatement(Unknown Source)
	at org.hsqldb.Session.executeDirectStatement(Unknown Source)
	at org.hsqldb.Session.execute(Unknown Source)
	... 9 more
]]></error>
  </testcase>
  <testcase name="testDriverManagerDataSource" classname="fortytwo.spring.service.config.TestApplicationConfig" time="0.002">
    <error message="StatementCallback; bad SQL grammar [CREATE TABLE users (id BIGINT GENERATED BY DEFAULT AS IDENTITY PRIMARY KEY,email VARCHAR(255))]" type="org.springframework.jdbc.BadSqlGrammarException"><![CDATA[org.springframework.jdbc.BadSqlGrammarException: StatementCallback; bad SQL grammar [CREATE TABLE users (id BIGINT GENERATED BY DEFAULT AS IDENTITY PRIMARY KEY,email VARCHAR(255))]
	at org.springframework.jdbc.support.SQLExceptionSubclassTranslator.doTranslate(SQLExceptionSubclassTranslator.java:103)
	at org.springframework.jdbc.support.AbstractFallbackSQLExceptionTranslator.translate(AbstractFallbackSQLExceptionTranslator.java:107)
	at org.springframework.jdbc.core.JdbcTemplate.translateException(JdbcTemplate.java:1548)
	at org.springframework.jdbc.core.JdbcTemplate.execute(JdbcTemplate.java:408)
	at org.springframework.jdbc.core.JdbcTemplate.execute(JdbcTemplate.java:444)
	at fortytwo.spring.service.config.TestApplicationConfig.init(TestApplicationConfig.java:45)
	at java.base/java.lang.reflect.Method.invoke(Method.java:578)
	at java.base/java.util.ArrayList.forEach(ArrayList.java:1511)
	at java.base/java.util.ArrayList.forEach(ArrayList.java:1511)
Caused by: java.sql.SQLSyntaxErrorException: object name already exists: USERS in statement [CREATE TABLE users (id BIGINT GENERATED BY DEFAULT AS IDENTITY PRIMARY KEY,email VARCHAR(255))]
	at org.hsqldb.jdbc.JDBCUtil.sqlException(Unknown Source)
	at org.hsqldb.jdbc.JDBCUtil.sqlException(Unknown Source)
	at org.hsqldb.jdbc.JDBCStatement.fetchResult(Unknown Source)
	at org.hsqldb.jdbc.JDBCStatement.execute(Unknown Source)
	at org.springframework.jdbc.core.JdbcTemplate$1ExecuteStatementCallback.doInStatement(JdbcTemplate.java:435)
	at org.springframework.jdbc.core.JdbcTemplate.execute(JdbcTemplate.java:393)
	... 5 more
Caused by: org.hsqldb.HsqlException: object name already exists: USERS
	at org.hsqldb.error.Error.error(Unknown Source)
	at org.hsqldb.error.Error.error(Unknown Source)
	at org.hsqldb.SchemaObjectSet.checkAdd(Unknown Source)
	at org.hsqldb.SchemaManager.checkSchemaObjectNotExists(Unknown Source)
	at org.hsqldb.StatementSchema.setOrCheckObjectName(Unknown Source)
	at org.hsqldb.StatementSchema.getResult(Unknown Source)
	at org.hsqldb.StatementSchema.execute(Unknown Source)
	at org.hsqldb.Session.executeCompiledStatement(Unknown Source)
	at org.hsqldb.Session.executeDirectStatement(Unknown Source)
	at org.hsqldb.Session.execute(Unknown Source)
	... 9 more
]]></error>
  </testcase>
</testsuite>