<?xml version="1.0" encoding="UTF-8"?>
<testsuite xmlns:xsi="http://www.w3.org/2001/XMLSchema-instance" xsi:noNamespaceSchemaLocation="https://maven.apache.org/surefire/maven-surefire-plugin/xsd/surefire-test-report-3.0.xsd" version="3.0" name="fr._42.numbers.NumberWorkerTest" time="0.167" tests="21" errors="0" skipped="0" failures="0">
  <properties>
[...]
</properties>
  <testcase name="isPrimeForNotPrimes" classname="fr._42.numbers.NumberWorkerTest" time="0.016"/>
  <testcase name="digitsum(int, int)[1]" classname="fr._42.numbers.NumberWorkerTest" time="0.014"/>
  <testcase name="digitsum(int, int)[2]" classname="fr._42.numbers.NumberWorkerTest" time="0.001"/>
  <testcase name="digitsum(int, int)[3]" classname="fr._42.numbers.NumberWorkerTest" time="0.0"/>
  <testcase name="digitsum(int, int)[4]" classname="fr._42.numbers.NumberWorkerTest" time="0.001"/>
  <testcase name="digitsum(int, int)[5]" classname="fr._42.numbers.NumberWorkerTest" time="0.001"/>
  <testcase name="digitsum(int, int)[6]" classname="fr._42.numbers.NumberWorkerTest" time="0.001"/>
  <testcase name="digitsum(int, int)[7]" classname="fr._42.numbers.NumberWorkerTest" time="0.0"/>
  <testcase name="digitsum(int, int)[8]" classname="fr._42.numbers.NumberWorkerTest" time="0.001"/>
  <testcase name="digitsum(int, int)[9]" classname="fr._42.numbers.NumberWorkerTest" time="0.001"/>
  <testcase name="digitsum(int, int)[10]" classname="fr._42.numbers.NumberWorkerTest" time="0.0"/>
  <testcase name="digitsum(int, int)[11]" classname="fr._42.numbers.NumberWorkerTest" time="0.001"/>
  <testcase name="digitsum(int, int)[12]" classname="fr._42.numbers.NumberWorkerTest" time="0.001"/>
  <testcase name="isPrimeForPrimes(int)[1]" classname="fr._42.numbers.NumberWorkerTest" time="0.007"/>
  <testcase name="isPrimeForPrimes(int)[2]" classname="fr._42.numbers.NumberWorkerTest" time="0.001"/>
  <testcase name="isPrimeForPrimes(int)[3]" classname="fr._42.numbers.NumberWorkerTest" time="0.0"/>
  <testcase name="isPrimeForPrimes(int)[4]" classname="fr._42.numbers.NumberWorkerTest" time="0.032"/>
  <testcase name="isPrimeForPrimes(int)[5]" classname="fr._42.numbers.NumberWorkerTest" time="0.032"/>
  <testcase name="isPrimeForIncorrectNumbers(int)[1]" classname="fr._42.numbers.NumberWorkerTest" time="0.0"/>
  <testcase name="isPrimeForIncorrectNumbers(int)[2]" classname="fr._42.numbers.NumberWorkerTest" time="0.0"/>
  <testcase name="isPrimeForIncorrectNumbers(int)[3]" classname="fr._42.numbers.NumberWorkerTest" time="0.001"/>
</testsuite>